#
# There is insufficient memory for the Java Runtime Environment to continue.
# Native memory allocation (malloc) failed to allocate 504816 bytes for Chunk::new
# Possible reasons:
#   The system is out of physical RAM or swap space
#   In 32 bit mode, the process size limit was hit
# Possible solutions:
#   Reduce memory load on the system
#   Increase physical memory or swap space
#   Check if swap backing store is full
#   Use 64 bit Java on a 64 bit OS
#   Decrease Java heap size (-Xmx/-Xms)
#   Decrease number of Java threads
#   Decrease Java thread stack sizes (-Xss)
#   Set larger code cache with -XX:ReservedCodeCacheSize=
# This output file may be truncated or incomplete.
#
#  Out of Memory Error (allocation.cpp:390), pid=8760, tid=0x00000000000033c8
#
# JRE version: Java(TM) SE Runtime Environment (8.0_131-b11) (build 1.8.0_131-b11)
# Java VM: Java HotSpot(TM) 64-Bit Server VM (25.131-b11 mixed mode windows-amd64 compressed oops)
# Failed to write core dump. Minidumps are not enabled by default on client versions of Windows
#

---------------  T H R E A D  ---------------

Current thread (0x0000000013db1000):  JavaThread "C2 CompilerThread0" daemon [_thread_in_native, id=13256, stack(0x0000000015440000,0x0000000015540000)]

Stack: [0x0000000015440000,0x0000000015540000]
[error occurred during error reporting (printing stack bounds), id 0xc0000005]

Native frames: (J=compiled Java code, j=interpreted, Vv=VM code, C=native code)


Current CompileTask:
C2:  14415 2937       4       groovy.lang.MetaClassImpl::addMetaMethodToIndex (65 bytes)


---------------  P R O C E S S  ---------------

Java Threads: ( => current thread )
  0x000000001b438000 JavaThread "Cache worker for Build Output Cleanup Cache (C:\Users\Client\Documents\Outils\TP6\.gradle\buildOutputCleanup)" [_thread_blocked, id=860, stack(0x000000001f690000,0x000000001f790000)]
  0x000000001b43b000 JavaThread "Build operations Thread 3" [_thread_blocked, id=8504, stack(0x000000001f590000,0x000000001f690000)]
  0x000000001b437000 JavaThread "Build operations Thread 2" [_thread_blocked, id=9460, stack(0x000000001f490000,0x000000001f590000)]
  0x000000001b436800 JavaThread "Build operations" [_thread_blocked, id=9028, stack(0x000000001e190000,0x000000001e290000)]
  0x000000001610a000 JavaThread "Cache worker for execution history cache (C:\Users\Client\.gradle\caches\6.0.1\executionHistory)" [_thread_blocked, id=8508, stack(0x000000001de20000,0x000000001df20000)]
  0x000000001610c800 JavaThread "Cache worker for cache directory md-rule (C:\Users\Client\.gradle\caches\6.0.1\md-rule)" [_thread_blocked, id=8460, stack(0x000000001dd20000,0x000000001de20000)]
  0x0000000016111000 JavaThread "Cache worker for cache directory md-supplier (C:\Users\Client\.gradle\caches\6.0.1\md-supplier)" [_thread_blocked, id=9944, stack(0x000000001dc20000,0x000000001dd20000)]
  0x000000001610f800 JavaThread "Cache worker for file hash cache (C:\Users\Client\Documents\Outils\TP6\.gradle\6.0.1\fileHashes)" [_thread_blocked, id=11452, stack(0x000000001d720000,0x000000001d820000)]
  0x0000000016110000 JavaThread "File lock release action executor" [_thread_blocked, id=11224, stack(0x000000001d620000,0x000000001d720000)]
  0x000000001610b800 JavaThread "Cache worker for journal cache (C:\Users\Client\.gradle\caches\journal-1)" [_thread_blocked, id=8984, stack(0x0000000019990000,0x0000000019a90000)]
  0x000000001610b000 JavaThread "File lock request listener" [_thread_in_native, id=3672, stack(0x0000000019890000,0x0000000019990000)]
  0x000000001610e000 JavaThread "Cache worker for file hash cache (C:\Users\Client\.gradle\caches\6.0.1\fileHashes)" [_thread_blocked, id=3176, stack(0x0000000019790000,0x0000000019890000)]
  0x00000000160bf000 JavaThread "Thread-9" [_thread_blocked, id=7588, stack(0x0000000019690000,0x0000000019790000)]
  0x00000000160bc000 JavaThread "Stdin handler" [_thread_blocked, id=12780, stack(0x0000000019590000,0x0000000019690000)]
  0x0000000017680800 JavaThread "Asynchronous log dispatcher for DefaultDaemonConnection: socket connection from /127.0.0.1:52375 to /127.0.0.1:52376" [_thread_blocked, id=3496, stack(0x0000000019490000,0x0000000019590000)]
  0x000000001767e000 JavaThread "Daemon worker" [_thread_in_vm, id=11248, stack(0x0000000019190000,0x0000000019290000)]
  0x0000000017683800 JavaThread "Cancel handler" [_thread_blocked, id=3760, stack(0x0000000019090000,0x0000000019190000)]
  0x00000000162bc800 JavaThread "Handler for socket connection from /127.0.0.1:52375 to /127.0.0.1:52376" [_thread_in_native, id=10448, stack(0x0000000018f90000,0x0000000019090000)]
  0x00000000162bb800 JavaThread "Daemon" [_thread_blocked, id=5064, stack(0x0000000018e90000,0x0000000018f90000)]
  0x0000000016b45800 JavaThread "Daemon periodic checks" [_thread_blocked, id=12788, stack(0x0000000018d90000,0x0000000018e90000)]
  0x0000000017679800 JavaThread "Incoming local TCP Connector on port 52375" [_thread_in_native, id=9168, stack(0x0000000018b20000,0x0000000018c20000)]
  0x000000001749b800 JavaThread "Daemon health stats" [_thread_blocked, id=6464, stack(0x0000000017510000,0x0000000017610000)]
  0x0000000013e0c000 JavaThread "Service Thread" daemon [_thread_blocked, id=11964, stack(0x0000000015b40000,0x0000000015c40000)]
  0x0000000013dba000 JavaThread "C1 CompilerThread2" daemon [_thread_in_native, id=11460, stack(0x0000000015640000,0x0000000015740000)]
  0x0000000013db6800 JavaThread "C2 CompilerThread1" daemon [_thread_in_native, id=2316, stack(0x0000000015540000,0x0000000015640000)]
=>0x0000000013db1000 JavaThread "C2 CompilerThread0" daemon [_thread_in_native, id=13256, stack(0x0000000015440000,0x0000000015540000)]
  0x0000000013dad000 JavaThread "Attach Listener" daemon [_thread_blocked, id=3284, stack(0x0000000015340000,0x0000000015440000)]
  0x0000000013dac000 JavaThread "Signal Dispatcher" daemon [_thread_blocked, id=11680, stack(0x0000000015240000,0x0000000015340000)]
  0x0000000013d9a800 JavaThread "Finalizer" daemon [_thread_blocked, id=7476, stack(0x0000000015020000,0x0000000015120000)]
  0x0000000013d78800 JavaThread "Reference Handler" daemon [_thread_blocked, id=8872, stack(0x0000000014f20000,0x0000000015020000)]
  0x00000000014b0800 JavaThread "main" [_thread_blocked, id=6480, stack(0x00000000012d0000,0x00000000013d0000)]

Other Threads:
  0x0000000013d77000 VMThread [stack: 0x0000000014e20000,0x0000000014f20000] [id=8740]
  0x000000001577b000 WatcherThread [stack: 0x0000000015c40000,0x0000000015d40000] [id=2232]

VM state:not at safepoint (normal execution)

VM Mutex/Monitor currently owned by a thread: None

Heap:
 PSYoungGen      total 76288K, used 13513K [0x00000000f5580000, 0x00000000fc700000, 0x0000000100000000)
  eden space 65536K, 13% used [0x00000000f5580000,0x00000000f5de34a8,0x00000000f9580000)
  from space 10752K, 45% used [0x00000000f9580000,0x00000000f9a4f2f0,0x00000000fa000000)
  to   space 10752K, 0% used [0x00000000fa000000,0x00000000fa000000,0x00000000faa80000)
 ParOldGen       total 175104K, used 14954K [0x00000000e0000000, 0x00000000eab00000, 0x00000000f5580000)
  object space 175104K, 8% used [0x00000000e0000000,0x00000000e0e9abd8,0x00000000eab00000)
 Metaspace       used 37030K, capacity 38108K, committed 38144K, reserved 1081344K
  class space    used 5335K, capacity 5607K, committed 5632K, reserved 1048576K

Card table byte_map: [0x0000000001970000,0x0000000001a80000] byte_map_base: 0x0000000001270000

Marking Bits: (ParMarkBitMap*) 0x000000005322c720
 Begin Bits: [0x0000000012410000, 0x0000000012c10000)
 End Bits:   [0x0000000012c10000, 0x0000000013410000)

Polling page: 0x00000000009d0000

CodeCache: size=245760Kb used=10774Kb max_used=10774Kb free=234986Kb
 bounds [0x0000000003410000, 0x0000000003ea0000, 0x0000000012410000]
 total_blobs=3446 nmethods=2729 adapters=629
 compilation: enabled

Compilation events (10 events):
Event: 14.392 Thread 0x0000000013dba000 nmethod 3034 0x0000000003e9bb10 code [0x0000000003e9bc60, 0x0000000003e9bd70]
Event: 14.392 Thread 0x0000000013dba000 3035       1       org.gradle.internal.operations.BuildOperationDescriptor::getTotalProgress (5 bytes)
Event: 14.392 Thread 0x0000000013dba000 nmethod 3035 0x0000000003e9bdd0 code [0x0000000003e9bf20, 0x0000000003e9c030]
Event: 14.392 Thread 0x0000000013dba000 3036       1       org.gradle.internal.operations.BuildOperationCategory::isTopLevelWorkItem (5 bytes)
Event: 14.392 Thread 0x0000000013dba000 nmethod 3036 0x0000000003e9c090 code [0x0000000003e9c1e0, 0x0000000003e9c2f0]
Event: 14.392 Thread 0x0000000013dba000 3037       1       org.gradle.internal.operations.BuildOperationDescriptor::getProgressDisplayName (5 bytes)
Event: 14.392 Thread 0x0000000013dba000 nmethod 3037 0x0000000003e9c350 code [0x0000000003e9c4a0, 0x0000000003e9c5b0]
Event: 14.397 Thread 0x0000000013dba000 3038       3       sun.net.www.protocol.jar.JarURLConnection::getUseCaches (8 bytes)
Event: 14.398 Thread 0x0000000013dba000 nmethod 3038 0x0000000003e9c610 code [0x0000000003e9c780, 0x0000000003e9c9a8]
Event: 14.398 Thread 0x0000000013dba000 3039       3       org.objectweb.asm.ClassReader::readCode (5089 bytes)

GC Heap History (10 events):
Event: 10.569 GC heap before
{Heap before GC invocations=5 (full 1):
 PSYoungGen      total 76288K, used 65536K [0x00000000f5580000, 0x00000000faa80000, 0x0000000100000000)
  eden space 65536K, 100% used [0x00000000f5580000,0x00000000f9580000,0x00000000f9580000)
  from space 10752K, 0% used [0x00000000f9580000,0x00000000f9580000,0x00000000fa000000)
  to   space 10752K, 0% used [0x00000000fa000000,0x00000000fa000000,0x00000000faa80000)
 ParOldGen       total 175104K, used 11219K [0x00000000e0000000, 0x00000000eab00000, 0x00000000f5580000)
  object space 175104K, 6% used [0x00000000e0000000,0x00000000e0af4e98,0x00000000eab00000)
 Metaspace       used 28865K, capacity 29438K, committed 29824K, reserved 1075200K
  class space    used 3956K, capacity 4130K, committed 4224K, reserved 1048576K
Event: 10.584 GC heap after
Heap after GC invocations=5 (full 1):
 PSYoungGen      total 76288K, used 7810K [0x00000000f5580000, 0x00000000fc700000, 0x0000000100000000)
  eden space 65536K, 0% used [0x00000000f5580000,0x00000000f5580000,0x00000000f9580000)
  from space 10752K, 72% used [0x00000000fa000000,0x00000000fa7a0a70,0x00000000faa80000)
  to   space 10752K, 0% used [0x00000000f9580000,0x00000000f9580000,0x00000000fa000000)
 ParOldGen       total 175104K, used 11219K [0x00000000e0000000, 0x00000000eab00000, 0x00000000f5580000)
  object space 175104K, 6% used [0x00000000e0000000,0x00000000e0af4e98,0x00000000eab00000)
 Metaspace       used 28865K, capacity 29438K, committed 29824K, reserved 1075200K
  class space    used 3956K, capacity 4130K, committed 4224K, reserved 1048576K
}
Event: 12.172 GC heap before
{Heap before GC invocations=6 (full 1):
 PSYoungGen      total 76288K, used 73346K [0x00000000f5580000, 0x00000000fc700000, 0x0000000100000000)
  eden space 65536K, 100% used [0x00000000f5580000,0x00000000f9580000,0x00000000f9580000)
  from space 10752K, 72% used [0x00000000fa000000,0x00000000fa7a0a70,0x00000000faa80000)
  to   space 10752K, 0% used [0x00000000f9580000,0x00000000f9580000,0x00000000fa000000)
 ParOldGen       total 175104K, used 11219K [0x00000000e0000000, 0x00000000eab00000, 0x00000000f5580000)
  object space 175104K, 6% used [0x00000000e0000000,0x00000000e0af4e98,0x00000000eab00000)
 Metaspace       used 32224K, capacity 32782K, committed 33152K, reserved 1077248K
  class space    used 4514K, capacity 4687K, committed 4736K, reserved 1048576K
Event: 12.335 GC heap after
Heap after GC invocations=6 (full 1):
 PSYoungGen      total 76288K, used 8040K [0x00000000f5580000, 0x00000000fc700000, 0x0000000100000000)
  eden space 65536K, 0% used [0x00000000f5580000,0x00000000f5580000,0x00000000f9580000)
  from space 10752K, 74% used [0x00000000f9580000,0x00000000f9d5a3d0,0x00000000fa000000)
  to   space 10752K, 0% used [0x00000000fa000000,0x00000000fa000000,0x00000000faa80000)
 ParOldGen       total 175104K, used 11219K [0x00000000e0000000, 0x00000000eab00000, 0x00000000f5580000)
  object space 175104K, 6% used [0x00000000e0000000,0x00000000e0af4e98,0x00000000eab00000)
 Metaspace       used 32224K, capacity 32782K, committed 33152K, reserved 1077248K
  class space    used 4514K, capacity 4687K, committed 4736K, reserved 1048576K
}
Event: 13.647 GC heap before
{Heap before GC invocations=7 (full 1):
 PSYoungGen      total 76288K, used 54530K [0x00000000f5580000, 0x00000000fc700000, 0x0000000100000000)
  eden space 65536K, 70% used [0x00000000f5580000,0x00000000f82e67c8,0x00000000f9580000)
  from space 10752K, 74% used [0x00000000f9580000,0x00000000f9d5a3d0,0x00000000fa000000)
  to   space 10752K, 0% used [0x00000000fa000000,0x00000000fa000000,0x00000000faa80000)
 ParOldGen       total 175104K, used 11219K [0x00000000e0000000, 0x00000000eab00000, 0x00000000f5580000)
  object space 175104K, 6% used [0x00000000e0000000,0x00000000e0af4e98,0x00000000eab00000)
 Metaspace       used 34679K, capacity 35460K, committed 35496K, reserved 1079296K
  class space    used 4892K, capacity 5116K, committed 5120K, reserved 1048576K
Event: 13.661 GC heap after
Heap after GC invocations=7 (full 1):
 PSYoungGen      total 76288K, used 8430K [0x00000000f5580000, 0x00000000fc700000, 0x0000000100000000)
  eden space 65536K, 0% used [0x00000000f5580000,0x00000000f5580000,0x00000000f9580000)
  from space 10752K, 78% used [0x00000000fa000000,0x00000000fa83ba18,0x00000000faa80000)
  to   space 10752K, 0% used [0x00000000f9580000,0x00000000f9580000,0x00000000fa000000)
 ParOldGen       total 175104K, used 11227K [0x00000000e0000000, 0x00000000eab00000, 0x00000000f5580000)
  object space 175104K, 6% used [0x00000000e0000000,0x00000000e0af6e98,0x00000000eab00000)
 Metaspace       used 34679K, capacity 35460K, committed 35496K, reserved 1079296K
  class space    used 4892K, capacity 5116K, committed 5120K, reserved 1048576K
}
Event: 13.661 GC heap before
{Heap before GC invocations=8 (full 2):
 PSYoungGen      total 76288K, used 8430K [0x00000000f5580000, 0x00000000fc700000, 0x0000000100000000)
  eden space 65536K, 0% used [0x00000000f5580000,0x00000000f5580000,0x00000000f9580000)
  from space 10752K, 78% used [0x00000000fa000000,0x00000000fa83ba18,0x00000000faa80000)
  to   space 10752K, 0% used [0x00000000f9580000,0x00000000f9580000,0x00000000fa000000)
 ParOldGen       total 175104K, used 11227K [0x00000000e0000000, 0x00000000eab00000, 0x00000000f5580000)
  object space 175104K, 6% used [0x00000000e0000000,0x00000000e0af6e98,0x00000000eab00000)
 Metaspace       used 34679K, capacity 35460K, committed 35496K, reserved 1079296K
  class space    used 4892K, capacity 5116K, committed 5120K, reserved 1048576K
Event: 13.751 GC heap after
Heap after GC invocations=8 (full 2):
 PSYoungGen      total 76288K, used 0K [0x00000000f5580000, 0x00000000fc700000, 0x0000000100000000)
  eden space 65536K, 0% used [0x00000000f5580000,0x00000000f5580000,0x00000000f9580000)
  from space 10752K, 0% used [0x00000000fa000000,0x00000000fa000000,0x00000000faa80000)
  to   space 10752K, 0% used [0x00000000f9580000,0x00000000f9580000,0x00000000fa000000)
 ParOldGen       total 175104K, used 14954K [0x00000000e0000000, 0x00000000eab00000, 0x00000000f5580000)
  object space 175104K, 8% used [0x00000000e0000000,0x00000000e0e9abd8,0x00000000eab00000)
 Metaspace       used 34677K, capacity 35454K, committed 35496K, reserved 1079296K
  class space    used 4892K, capacity 5115K, committed 5120K, reserved 1048576K
}
Event: 14.308 GC heap before
{Heap before GC invocations=9 (full 2):
 PSYoungGen      total 76288K, used 65536K [0x00000000f5580000, 0x00000000fc700000, 0x0000000100000000)
  eden space 65536K, 100% used [0x00000000f5580000,0x00000000f9580000,0x00000000f9580000)
  from space 10752K, 0% used [0x00000000fa000000,0x00000000fa000000,0x00000000faa80000)
  to   space 10752K, 0% used [0x00000000f9580000,0x00000000f9580000,0x00000000fa000000)
 ParOldGen       total 175104K, used 14954K [0x00000000e0000000, 0x00000000eab00000, 0x00000000f5580000)
  object space 175104K, 8% used [0x00000000e0000000,0x00000000e0e9abd8,0x00000000eab00000)
 Metaspace       used 36592K, capacity 37614K, committed 37888K, reserved 1081344K
  class space    used 5274K, capacity 5510K, committed 5632K, reserved 1048576K
Event: 14.318 GC heap after
Heap after GC invocations=9 (full 2):
 PSYoungGen      total 76288K, used 4924K [0x00000000f5580000, 0x00000000fc700000, 0x0000000100000000)
  eden space 65536K, 0% used [0x00000000f5580000,0x00000000f5580000,0x00000000f9580000)
  from space 10752K, 45% used [0x00000000f9580000,0x00000000f9a4f2f0,0x00000000fa000000)
  to   space 10752K, 0% used [0x00000000fa000000,0x00000000fa000000,0x00000000faa80000)
 ParOldGen       total 175104K, used 14954K [0x00000000e0000000, 0x00000000eab00000, 0x00000000f5580000)
  object space 175104K, 8% used [0x00000000e0000000,0x00000000e0e9abd8,0x00000000eab00000)
 Metaspace       used 36592K, capacity 37614K, committed 37888K, reserved 1081344K
  class space    used 5274K, capacity 5510K, committed 5632K, reserved 1048576K
}

Deoptimization events (10 events):
Event: 13.448 Thread 0x000000001767e000 Uncommon trap: reason=bimorphic action=maybe_recompile pc=0x0000000003d36780 method=java.lang.ClassLoader.getPackage(Ljava/lang/String;)Ljava/lang/Package; @ 47
Event: 13.448 Thread 0x000000001767e000 Uncommon trap: reason=bimorphic action=maybe_recompile pc=0x0000000003d36780 method=java.lang.ClassLoader.getPackage(Ljava/lang/String;)Ljava/lang/Package; @ 47
Event: 13.448 Thread 0x000000001767e000 Uncommon trap: reason=bimorphic action=maybe_recompile pc=0x0000000003d36780 method=java.lang.ClassLoader.getPackage(Ljava/lang/String;)Ljava/lang/Package; @ 47
Event: 13.459 Thread 0x000000001767e000 Uncommon trap: reason=bimorphic action=maybe_recompile pc=0x0000000003b3a4d4 method=java.lang.ClassLoader.getPackage(Ljava/lang/String;)Ljava/lang/Package; @ 47
Event: 13.473 Thread 0x000000001767e000 Uncommon trap: reason=unstable_if action=reinterpret pc=0x0000000003bfcd04 method=org.codehaus.groovy.runtime.metaclass.MetaMethodIndex.addMethodToList(Ljava/lang/Object;Lgroovy/lang/MetaMethod;)Ljava/lang/Object; @ 226
Event: 13.582 Thread 0x000000001767e000 Uncommon trap: reason=bimorphic action=maybe_recompile pc=0x0000000003b0af6c method=java.lang.ClassLoader.getPackage(Ljava/lang/String;)Ljava/lang/Package; @ 47
Event: 13.589 Thread 0x000000001767e000 Uncommon trap: reason=bimorphic action=maybe_recompile pc=0x0000000003d03120 method=java.util.AbstractCollection.addAll(Ljava/util/Collection;)Z @ 29
Event: 13.937 Thread 0x000000001767e000 Uncommon trap: reason=bimorphic action=maybe_recompile pc=0x0000000003d03120 method=java.util.AbstractCollection.addAll(Ljava/util/Collection;)Z @ 29
Event: 14.001 Thread 0x000000001767e000 Uncommon trap: reason=unstable_if action=reinterpret pc=0x0000000003dd8e18 method=org.codehaus.groovy.reflection.CachedMethod.compareToMethod(Ljava/lang/reflect/Method;)I @ 111
Event: 14.330 Thread 0x000000001767e000 Uncommon trap: reason=unstable_if action=reinterpret pc=0x0000000003d29f18 method=org.objectweb.asm.Type.getArgumentsAndReturnSizes(Ljava/lang/String;)I @ 109

Internal exceptions (10 events):
Event: 14.199 Thread 0x000000001767e000 Exception <a 'java/lang/ClassNotFoundException': org/gradle/api/internal/artifacts/DefaultArtifactRepositoryContainerBeanInfo> (0x00000000f8a99c00) thrown at [C:\re\workspace\8-2-build-windows-amd64-cygwin\jdk8u131\8869\hotspot\src\share\vm\classfile\syst
Event: 14.199 Thread 0x000000001767e000 Exception <a 'java/lang/ClassNotFoundException': org/gradle/api/internal/DefaultNamedDomainObjectListBeanInfo> (0x00000000f8ace858) thrown at [C:\re\workspace\8-2-build-windows-amd64-cygwin\jdk8u131\8869\hotspot\src\share\vm\classfile\systemDictionary.cpp
Event: 14.201 Thread 0x000000001767e000 Exception <a 'java/lang/ClassNotFoundException': org/gradle/api/internal/DefaultNamedDomainObjectListCustomizer> (0x00000000f8b040b0) thrown at [C:\re\workspace\8-2-build-windows-amd64-cygwin\jdk8u131\8869\hotspot\src\share\vm\classfile\systemDictionary.c
Event: 14.203 Thread 0x000000001767e000 Exception <a 'java/lang/ClassNotFoundException': org/gradle/api/internal/artifacts/DefaultArtifactRepositoryContainerCustomizer> (0x00000000f8b7ba90) thrown at [C:\re\workspace\8-2-build-windows-amd64-cygwin\jdk8u131\8869\hotspot\src\share\vm\classfile\sy
Event: 14.204 Thread 0x000000001767e000 Exception <a 'java/lang/ClassNotFoundException': org/gradle/api/internal/artifacts/dsl/DefaultRepositoryHandlerCustomizer> (0x00000000f8be4a18) thrown at [C:\re\workspace\8-2-build-windows-amd64-cygwin\jdk8u131\8869\hotspot\src\share\vm\classfile\systemDi
Event: 14.206 Thread 0x000000001767e000 Exception <a 'java/lang/ClassNotFoundException': org/gradle/api/internal/artifacts/dsl/DefaultRepositoryHandler_DecoratedCustomizer> (0x00000000f8c64b38) thrown at [C:\re\workspace\8-2-build-windows-amd64-cygwin\jdk8u131\8869\hotspot\src\share\vm\classfil
Event: 14.214 Thread 0x000000001767e000 Exception <a 'java/lang/ClassNotFoundException': org/gradle/api/internal/artifacts/dsl/dependencies/DefaultDependencyHandler_DecoratedBeanInfo> (0x00000000f8d5dad0) thrown at [C:\re\workspace\8-2-build-windows-amd64-cygwin\jdk8u131\8869\hotspot\src\share\
Event: 14.215 Thread 0x000000001767e000 Exception <a 'java/lang/ClassNotFoundException': org/gradle/api/internal/artifacts/dsl/dependencies/DefaultDependencyHandlerBeanInfo> (0x00000000f8dba590) thrown at [C:\re\workspace\8-2-build-windows-amd64-cygwin\jdk8u131\8869\hotspot\src\share\vm\classfi
Event: 14.216 Thread 0x000000001767e000 Exception <a 'java/lang/ClassNotFoundException': org/gradle/api/internal/artifacts/dsl/dependencies/DefaultDependencyHandlerCustomizer> (0x00000000f8e18158) thrown at [C:\re\workspace\8-2-build-windows-amd64-cygwin\jdk8u131\8869\hotspot\src\share\vm\class
Event: 14.219 Thread 0x000000001767e000 Exception <a 'java/lang/ClassNotFoundException': org/gradle/api/internal/artifacts/dsl/dependencies/DefaultDependencyHandler_DecoratedCustomizer> (0x00000000f8eaba40) thrown at [C:\re\workspace\8-2-build-windows-amd64-cygwin\jdk8u131\8869\hotspot\src\shar

Events (10 events):
Event: 14.410 loading class org/gradle/testing/jacoco/tasks/JacocoReportBase$2
Event: 14.410 loading class org/gradle/testing/jacoco/tasks/JacocoReportBase$2 done
Event: 14.411 loading class org/gradle/api/internal/AbstractTask$17
Event: 14.411 loading class org/gradle/api/internal/AbstractTask$17 done
Event: 14.411 loading class org/gradle/testing/jacoco/tasks/JacocoReportBase$4
Event: 14.411 loading class org/gradle/testing/jacoco/tasks/JacocoReportBase$4 done
Event: 14.412 loading class org/gradle/testing/jacoco/plugins/JacocoPlugin$11$1
Event: 14.412 loading class org/gradle/testing/jacoco/plugins/JacocoPlugin$11$1 done
Event: 14.413 loading class org/gradle/testing/jacoco/plugins/JacocoPlugin$11$1$2
Event: 14.413 loading class org/gradle/testing/jacoco/plugins/JacocoPlugin$11$1$2 done


Dynamic libraries:
0x00007ff75d790000 - 0x00007ff75d7c7000 	C:\Program Files\Java\jdk1.8.0_131\bin\java.exe
0x00007ffd18700000 - 0x00007ffd188ed000 	C:\WINDOWS\SYSTEM32\ntdll.dll
0x00007ffd183a0000 - 0x00007ffd18453000 	C:\WINDOWS\System32\KERNEL32.DLL
0x00007ffd15090000 - 0x00007ffd15323000 	C:\WINDOWS\System32\KERNELBASE.dll
0x00007ffd180d0000 - 0x00007ffd18173000 	C:\WINDOWS\System32\ADVAPI32.dll
0x00007ffd162b0000 - 0x00007ffd1634e000 	C:\WINDOWS\System32\msvcrt.dll
0x00007ffd15e30000 - 0x00007ffd15ece000 	C:\WINDOWS\System32\sechost.dll
0x00007ffd184f0000 - 0x00007ffd18612000 	C:\WINDOWS\System32\RPCRT4.dll
0x00007ffd15ed0000 - 0x00007ffd16067000 	C:\WINDOWS\System32\USER32.dll
0x00007ffd15760000 - 0x00007ffd15780000 	C:\WINDOWS\System32\win32u.dll
0x00007ffd16b00000 - 0x00007ffd16b29000 	C:\WINDOWS\System32\GDI32.dll
0x00007ffd15780000 - 0x00007ffd15919000 	C:\WINDOWS\System32\gdi32full.dll
0x00007ffd15330000 - 0x00007ffd153d0000 	C:\WINDOWS\System32\msvcp_win.dll
0x00007ffd15660000 - 0x00007ffd1575a000 	C:\WINDOWS\System32\ucrtbase.dll
0x00007ffd04680000 - 0x00007ffd048f9000 	C:\WINDOWS\WinSxS\amd64_microsoft.windows.common-controls_6595b64144ccf1df_6.0.17763.914_none_05b346b2072102f2\COMCTL32.dll
0x00007ffd164c0000 - 0x00007ffd167ec000 	C:\WINDOWS\System32\combase.dll
0x00007ffd155b0000 - 0x00007ffd1562e000 	C:\WINDOWS\System32\bcryptPrimitives.dll
0x00007ffd18370000 - 0x00007ffd1839e000 	C:\WINDOWS\System32\IMM32.DLL
0x00000000532b0000 - 0x0000000053382000 	C:\Program Files\Java\jdk1.8.0_131\jre\bin\msvcr100.dll
0x0000000052a10000 - 0x00000000532ac000 	C:\Program Files\Java\jdk1.8.0_131\jre\bin\server\jvm.dll
0x00007ffd184e0000 - 0x00007ffd184e8000 	C:\WINDOWS\System32\PSAPI.DLL
0x00007ffd06020000 - 0x00007ffd0602a000 	C:\WINDOWS\SYSTEM32\VERSION.dll
0x00007ffd126e0000 - 0x00007ffd12704000 	C:\WINDOWS\SYSTEM32\WINMM.dll
0x00007ffd093f0000 - 0x00007ffd093f9000 	C:\WINDOWS\SYSTEM32\WSOCK32.dll
0x00007ffd18460000 - 0x00007ffd184cd000 	C:\WINDOWS\System32\WS2_32.dll
0x00007ffd126b0000 - 0x00007ffd126dd000 	C:\WINDOWS\SYSTEM32\winmmbase.dll
0x00007ffd147c0000 - 0x00007ffd1480a000 	C:\WINDOWS\System32\cfgmgr32.dll
0x0000000052a00000 - 0x0000000052a0f000 	C:\Program Files\Java\jdk1.8.0_131\jre\bin\verify.dll
0x00000000529d0000 - 0x00000000529f9000 	C:\Program Files\Java\jdk1.8.0_131\jre\bin\java.dll
0x00000000529b0000 - 0x00000000529c6000 	C:\Program Files\Java\jdk1.8.0_131\jre\bin\zip.dll
0x00007ffd16bd0000 - 0x00007ffd180c4000 	C:\WINDOWS\System32\SHELL32.dll
0x00007ffd16070000 - 0x00007ffd16118000 	C:\WINDOWS\System32\shcore.dll
0x00007ffd14940000 - 0x00007ffd1508d000 	C:\WINDOWS\System32\windows.storage.dll
0x00007ffd146f0000 - 0x00007ffd14714000 	C:\WINDOWS\System32\profapi.dll
0x00007ffd14740000 - 0x00007ffd1479d000 	C:\WINDOWS\System32\powrprof.dll
0x00007ffd18310000 - 0x00007ffd18362000 	C:\WINDOWS\System32\shlwapi.dll
0x00007ffd14720000 - 0x00007ffd14731000 	C:\WINDOWS\System32\kernel.appcore.dll
0x00007ffd14810000 - 0x00007ffd14827000 	C:\WINDOWS\System32\cryptsp.dll
0x0000000052990000 - 0x00000000529aa000 	C:\Program Files\Java\jdk1.8.0_131\jre\bin\net.dll
0x00007ffd13f60000 - 0x00007ffd13fc7000 	C:\WINDOWS\system32\mswsock.dll
0x0000000052970000 - 0x0000000052981000 	C:\Program Files\Java\jdk1.8.0_131\jre\bin\nio.dll
0x00007ffd01e90000 - 0x00007ffd01eb6000 	C:\Users\Client\.gradle\native\30\windows-amd64\native-platform.dll
0x0000000052960000 - 0x000000005296d000 	C:\Program Files\Java\jdk1.8.0_131\jre\bin\management.dll
0x00007ffd13ae0000 - 0x00007ffd13b13000 	C:\WINDOWS\system32\rsaenh.dll
0x00007ffd15630000 - 0x00007ffd15656000 	C:\WINDOWS\System32\bcrypt.dll
0x00007ffd14620000 - 0x00007ffd14648000 	C:\WINDOWS\SYSTEM32\USERENV.dll
0x00007ffd14130000 - 0x00007ffd1413c000 	C:\WINDOWS\SYSTEM32\CRYPTBASE.dll
0x00007ffd13c80000 - 0x00007ffd13cbd000 	C:\WINDOWS\SYSTEM32\IPHLPAPI.DLL
0x00007ffd15920000 - 0x00007ffd15928000 	C:\WINDOWS\System32\NSI.dll
0x00007ffd0d030000 - 0x00007ffd0d046000 	C:\WINDOWS\SYSTEM32\dhcpcsvc6.DLL
0x00007ffd0d0a0000 - 0x00007ffd0d0bc000 	C:\WINDOWS\SYSTEM32\dhcpcsvc.DLL
0x00007ffd13cc0000 - 0x00007ffd13d86000 	C:\WINDOWS\SYSTEM32\DNSAPI.dll

VM Arguments:
jvm_args: -XX:MaxMetaspaceSize=256m -XX:+HeapDumpOnOutOfMemoryError -Xms256m -Xmx512m -Dfile.encoding=windows-1252 -Duser.country=FR -Duser.language=fr -Duser.variant 
java_command: org.gradle.launcher.daemon.bootstrap.GradleDaemon 6.0.1
java_class_path (initial): C:\Users\Client\Documents\Outils\TP5\gradle-6.0.1\lib\gradle-launcher-6.0.1.jar
Launcher Type: SUN_STANDARD

Environment Variables:
JAVA_HOME=C:\Program Files\Java\jdk1.8.0_131
CLASSPATH=C:\Users\Client\Documents\Outils\TP5\gradle-6.0.1\bin\..\lib\gradle-launcher-6.0.1.jar
PATH=C:\Program Files\Java\jdk1.8.0_131\bin;C:\Users\Client\Downloads\Setup\sonar-scanner-4.2.0.1873-windows\bin;C:\Program Files (x86)\Common Files\Oracle\Java\javapath;C:\WINDOWS\system32;C:\WINDOWS;C:\WINDOWS\system32\Wbem;C:\WINDOWS\system32\WindowsPowerShell\v1.0\;C:\WINDOWS\system32\OpenSSH\;C:\Program Files\Java\jdk1.8.0_131\bin;C:\Program Files\Git\cmd;C:\Users\Client\Documents\Outils\TP5\gradle-6.0.1\bin;C:\Users\Client\AppData\Local\Microsoft\WindowsApps;C:\Flex Windows\gcc\bin;C:\Flex Windows\Lex\bin;C:\Flex Windows\bison\bin;C:\Program Files\Java\jdk1.8.0_131\bin;C:\Users\Client\Downloads\Setup\sonarqube-7.4\bin;C:\Users\Client\Documents\Outils\TP5\gradle-6.0.1\bin;
USERNAME=Client
OS=Windows_NT
PROCESSOR_IDENTIFIER=Intel64 Family 6 Model 58 Stepping 9, GenuineIntel



---------------  S Y S T E M  ---------------

OS: Windows 10.0 , 64 bit Build 17763 (10.0.17763.475)

CPU:total 4 (initial active 4) (2 cores per cpu, 2 threads per core) family 6 model 58 stepping 9, cmov, cx8, fxsr, mmx, sse, sse2, sse3, ssse3, sse4.1, sse4.2, popcnt, avx, aes, clmul, erms, ht, tsc, tscinvbit, tscinv

Memory: 4k page, physical 8248880k(1907208k free), swap 8773168k(4084k free)

vm_info: Java HotSpot(TM) 64-Bit Server VM (25.131-b11) for windows-amd64 JRE (1.8.0_131-b11), built on Mar 15 2017 01:23:53 by "java_re" with MS VC++ 10.0 (VS2010)

time: Mon Dec 16 10:30:34 2019
elapsed time: 14 seconds (0d 0h 0m 14s)

