SonarQube plugins:
  - SonarPython 1.10.0.2131 (python)
  - SonarCSS 1.0.2.611 (cssfamily)
  - JaCoCo 1.0.1.143 (jacoco)
  - SonarGo 1.1.0.1612 (go)
  - SonarKotlin 1.2.1.2009 (kotlin)
  - Svn 1.9.0.1295 (scmsvn)
  - SonarJS 5.0.0.6962 (javascript)
  - SonarRuby 1.2.1.2009 (ruby)
  - SonarC# 7.7.0.7192 (csharp)
  - SonarJava 5.8.0.15699 (java)
  - LDAP 2.2.0.608 (ldap)
  - Git 1.6.0.1349 (scmgit)
  - SonarFlex 2.4.0.1222 (flex)
  - SonarXML 1.5.1.1452 (xml)
  - SonarPHP 2.14.0.3569 (php)
  - SonarTS 1.8.0.3332 (typescript)
  - SonarVB 7.7.0.7192 (vbnet)
Global properties:
  - sonar.core.id=BF41A1F2-AW5aWuupe61-Czd2rcq5
  - sonar.core.startTime=2019-12-16T09:51:15+0100
Settings for module: com.example:untitled
  - sonar.binaries=C:\Users\Client\Documents\Outils\TP6\build\classes\java\main
  - sonar.host.url=http://localhost:9000
  - sonar.jacoco.reportPath=C:\Users\Client\Documents\Outils\TP6\build\jacoco\test.exec
  - sonar.jacoco.reportPaths=C:\Users\Client\Documents\Outils\TP6\build\jacoco\test.exec
  - sonar.java.binaries=C:\Users\Client\Documents\Outils\TP6\build\classes\java\main
  - sonar.java.libraries=C:\Program Files\Java\jdk1.8.0_131\jre\lib\rt.jar,C:\Program Files\Java\jdk1.8.0_131\jre\lib\ext\jfxrt.jar
  - sonar.java.source=1.8
  - sonar.java.target=1.8
  - sonar.java.test.binaries=C:\Users\Client\Documents\Outils\TP6\build\classes\java\test
  - sonar.java.test.libraries=C:\Users\Client\Documents\Outils\TP6\build\classes\java\main,C:\Users\Client\.gradle\caches\modules-2\files-2.1\junit\junit\4.12\2973d150c0dc1fefe998f834810d68f278ea58ec\junit-4.12.jar,C:\Users\Client\.gradle\caches\modules-2\files-2.1\org.hamcrest\hamcrest-core\1.3\42a25dc3219429f0e5d060061f71acb49bf010a0\hamcrest-core-1.3.jar,C:\Program Files\Java\jdk1.8.0_131\jre\lib\rt.jar,C:\Program Files\Java\jdk1.8.0_131\jre\lib\ext\jfxrt.jar
  - sonar.junit.reportPaths=C:\Users\Client\Documents\Outils\TP6\build\test-results\test
  - sonar.junit.reportsPath=C:\Users\Client\Documents\Outils\TP6\build\test-results\test
  - sonar.libraries=C:\Program Files\Java\jdk1.8.0_131\jre\lib\rt.jar,C:\Program Files\Java\jdk1.8.0_131\jre\lib\ext\jfxrt.jar
  - sonar.projectBaseDir=C:\Users\Client\Documents\Outils\TP6
  - sonar.projectKey=com.example:untitled
  - sonar.projectName=untitled
  - sonar.projectVersion=1.0-SNAPSHOT
  - sonar.scanner.app=ScannerGradle
  - sonar.scanner.appVersion=2.8-SNAPSHOT/6.0.1
  - sonar.sourceEncoding=windows-1252
  - sonar.sources=C:\Users\Client\Documents\Outils\TP6\src\main\java
  - sonar.surefire.reportsPath=C:\Users\Client\Documents\Outils\TP6\build\test-results\test
  - sonar.tests=C:\Users\Client\Documents\Outils\TP6\src\test\java
  - sonar.working.directory=C:\Users\Client\Documents\Outils\TP6\build\sonar
